0 info it worked if it ends with ok
1 verbose cli [ 'D:\\_jobs\\_dev_tools\\nodejs\\node.exe',
1 verbose cli   'D:\\_jobs\\_dev_tools\\nodejs\\node_modules\\npm\\bin\\npm-cli.js',
1 verbose cli   'run',
1 verbose cli   'hot' ]
2 info using npm@3.10.10
3 info using node@v6.10.2
4 verbose run-script [ 'prehot', 'hot', 'posthot' ]
5 info lifecycle react-antd@1.0.0~prehot: react-antd@1.0.0
6 silly lifecycle react-antd@1.0.0~prehot: no script for prehot, continuing
7 info lifecycle react-antd@1.0.0~hot: react-antd@1.0.0
8 verbose lifecycle react-antd@1.0.0~hot: unsafe-perm in lifecycle true
9 verbose lifecycle react-antd@1.0.0~hot: PATH: D:\_jobs\_dev_tools\nodejs\node_modules\npm\bin\node-gyp-bin;D:\_jobs\_githubs\react-antd\node_modules\.bin;C:\Windows\system32;C:\Windows;C:\Windows\System32\Wbem;C:\Windows\System32\WindowsPowerShell\v1.0\;C:\Program Files (x86)\AMD\ATI.ACE\Core-Static;D:\_jobs\_dev_tools\nodejs\;C:\Program Files\MySQL\MySQL Server 5.7\bin;D:\_jobs\_dev_tools\Git\cmd;D:\_jobs\_dev_tools\Yarn\bin;C:\Users\sosout\AppData\Roaming\npm;D:\_jobs\_dev_tools\Microsoft VS Code\bin;C:\Users\sosout\AppData\Local\Yarn\bin
10 verbose lifecycle react-antd@1.0.0~hot: CWD: D:\_jobs\_githubs\react-antd
11 silly lifecycle react-antd@1.0.0~hot: Args: [ '/d /s /c', 'node server_hot.js' ]
12 silly lifecycle react-antd@1.0.0~hot: Returned: code: 3221225786  signal: null
13 info lifecycle react-antd@1.0.0~hot: Failed to exec hot script
14 verbose stack Error: react-antd@1.0.0 hot: `node server_hot.js`
14 verbose stack Exit status 3221225786
14 verbose stack     at EventEmitter.<anonymous> (D:\_jobs\_dev_tools\nodejs\node_modules\npm\lib\utils\lifecycle.js:255:16)
14 verbose stack     at emitTwo (events.js:106:13)
14 verbose stack     at EventEmitter.emit (events.js:191:7)
14 verbose stack     at ChildProcess.<anonymous> (D:\_jobs\_dev_tools\nodejs\node_modules\npm\lib\utils\spawn.js:40:14)
14 verbose stack     at emitTwo (events.js:106:13)
14 verbose stack     at ChildProcess.emit (events.js:191:7)
14 verbose stack     at maybeClose (internal/child_process.js:886:16)
14 verbose stack     at Process.ChildProcess._handle.onexit (internal/child_process.js:226:5)
15 verbose pkgid react-antd@1.0.0
16 verbose cwd D:\_jobs\_githubs\react-antd
17 error Windows_NT 6.1.7601
18 error argv "D:\\_jobs\\_dev_tools\\nodejs\\node.exe" "D:\\_jobs\\_dev_tools\\nodejs\\node_modules\\npm\\bin\\npm-cli.js" "run" "hot"
19 error node v6.10.2
20 error npm  v3.10.10
21 error code ELIFECYCLE
22 error react-antd@1.0.0 hot: `node server_hot.js`
22 error Exit status 3221225786
23 error Failed at the react-antd@1.0.0 hot script 'node server_hot.js'.
23 error Make sure you have the latest version of node.js and npm installed.
23 error If you do, this is most likely a problem with the react-antd package,
23 error not with npm itself.
23 error Tell the author that this fails on your system:
23 error     node server_hot.js
23 error You can get information on how to open an issue for this project with:
23 error     npm bugs react-antd
23 error Or if that isn't available, you can get their info via:
23 error     npm owner ls react-antd
23 error There is likely additional logging output above.
24 verbose exit [ 1, true ]
